# JRE version: OpenJDK Runtime Environment Temurin-21.0.11+10 (21.0.11+10) (build 21.0.11+10-LTS)
# Java VM: OpenJDK 64-Bit Server VM Temurin-21.0.11+10 (21.0.11+10-LTS, mixed mode, sharing, tiered, compressed oops, compressed class ptrs, parallel gc, windows-amd64)
GC Precious Log:
 CardTable entry size: 512
 CPUs: 4 total, 4 available
 Memory: 8099M
 Large Page Support: Disabled
 NUMA Support: Disabled
 Compressed Oops: Enabled (32-bit)
 Alignments: Space 512K, Generation 512K, Heap 2M
 Heap Min Capacity: 100M
 Heap Initial Capacity: 100M
 Heap Max Capacity: 2G
 Pre-touch: Disabled
 Parallel Workers: 4
Heap:
 PSYoungGen      total 15360K, used 10334K [0x00000000d5580000, 0x00000000d6b00000, 0x0000000100000000)
  eden space 13824K, 63% used [0x00000000d5580000,0x00000000d5e1c9a0,0x00000000d6300000)
  from space 1536K, 98% used [0x00000000d6680000,0x00000000d67faf38,0x00000000d6800000)
  to   space 3584K, 0% used [0x00000000d6300000,0x00000000d6300000,0x00000000d6680000)
 ParOldGen       total 68608K, used 57493K [0x0000000080000000, 0x0000000084300000, 0x00000000d5580000)
  object space 68608K, 83% used [0x0000000080000000,0x0000000083825600,0x0000000084300000)
 Metaspace       used 57939K, committed 59264K, reserved 1114112K
  class space    used 6304K, committed 6848K, reserved 1048576K
GC Heap History (20 events):
Event: 132.666 GC heap before
{Heap before GC invocations=29 (full 2):
 PSYoungGen      total 18944K, used 18923K [0x00000000d5580000, 0x00000000d7100000, 0x0000000100000000)
  eden space 16896K, 100% used [0x00000000d5580000,0x00000000d6600000,0x00000000d6600000)
  from space 2048K, 98% used [0x00000000d6b00000,0x00000000d6cfac98,0x00000000d6d00000)
  to   space 5120K, 0% used [0x00000000d6600000,0x00000000d6600000,0x00000000d6b00000)
 ParOldGen       total 68608K, used 42628K [0x0000000080000000, 0x0000000084300000, 0x00000000d5580000)
  object space 68608K, 62% used [0x0000000080000000,0x00000000829a11a0,0x0000000084300000)
 Metaspace       used 52311K, committed 53696K, reserved 1114112K
  class space    used 5698K, committed 6272K, reserved 1048576K
}
Event: 132.677 GC heap after
{Heap after GC invocations=29 (full 2):
 PSYoungGen      total 18432K, used 1504K [0x00000000d5580000, 0x00000000d6b80000, 0x0000000100000000)
  eden space 16896K, 0% used [0x00000000d5580000,0x00000000d5580000,0x00000000d6600000)
  from space 1536K, 97% used [0x00000000d6600000,0x00000000d6778000,0x00000000d6780000)
  to   space 2560K, 0% used [0x00000000d6900000,0x00000000d6900000,0x00000000d6b80000)
 ParOldGen       total 68608K, used 43524K [0x0000000080000000, 0x0000000084300000, 0x00000000d5580000)
  object space 68608K, 63% used [0x0000000080000000,0x0000000082a811a0,0x0000000084300000)
 Metaspace       used 52311K, committed 53696K, reserved 1114112K
  class space    used 5698K, committed 6272K, reserved 1048576K
}
Event: 133.484 GC heap before
{Heap before GC invocations=30 (full 2):
 PSYoungGen      total 18432K, used 18400K [0x00000000d5580000, 0x00000000d6b80000, 0x0000000100000000)
  eden space 16896K, 100% used [0x00000000d5580000,0x00000000d6600000,0x00000000d6600000)
  from space 1536K, 97% used [0x00000000d6600000,0x00000000d6778000,0x00000000d6780000)
  to   space 2560K, 0% used [0x00000000d6900000,0x00000000d6900000,0x00000000d6b80000)
 ParOldGen       total 68608K, used 43524K [0x0000000080000000, 0x0000000084300000, 0x00000000d5580000)
  object space 68608K, 63% used [0x0000000080000000,0x0000000082a811a0,0x0000000084300000)
 Metaspace       used 52534K, committed 53888K, reserved 1114112K
  class space    used 5721K, committed 6272K, reserved 1048576K
}
Event: 133.497 GC heap after
{Heap after GC invocations=30 (full 2):
 PSYoungGen      total 18944K, used 1741K [0x00000000d5580000, 0x00000000d6b00000, 0x0000000100000000)
  eden space 16896K, 0% used [0x00000000d5580000,0x00000000d5580000,0x00000000d6600000)
  from space 2048K, 85% used [0x00000000d6900000,0x00000000d6ab37f8,0x00000000d6b00000)
  to   space 2048K, 0% used [0x00000000d6700000,0x00000000d6700000,0x00000000d6900000)
 ParOldGen       total 68608K, used 44929K [0x0000000080000000, 0x0000000084300000, 0x00000000d5580000)
  object space 68608K, 65% used [0x0000000080000000,0x0000000082be0450,0x0000000084300000)
 Metaspace       used 52534K, committed 53888K, reserved 1114112K
  class space    used 5721K, committed 6272K, reserved 1048576K
}
Event: 134.336 GC heap before
{Heap before GC invocations=31 (full 2):
 PSYoungGen      total 18944K, used 18637K [0x00000000d5580000, 0x00000000d6b00000, 0x0000000100000000)
  eden space 16896K, 100% used [0x00000000d5580000,0x00000000d6600000,0x00000000d6600000)
  from space 2048K, 85% used [0x00000000d6900000,0x00000000d6ab37f8,0x00000000d6b00000)
  to   space 2048K, 0% used [0x00000000d6700000,0x00000000d6700000,0x00000000d6900000)
 ParOldGen       total 68608K, used 44929K [0x0000000080000000, 0x0000000084300000, 0x00000000d5580000)
  object space 68608K, 65% used [0x0000000080000000,0x0000000082be0450,0x0000000084300000)
 Metaspace       used 53058K, committed 54400K, reserved 1114112K
  class space    used 5786K, committed 6336K, reserved 1048576K
}
Event: 134.344 GC heap after
{Heap after GC invocations=31 (full 2):
 PSYoungGen      total 18944K, used 1776K [0x00000000d5580000, 0x00000000d6a00000, 0x0000000100000000)
  eden space 16896K, 0% used [0x00000000d5580000,0x00000000d5580000,0x00000000d6600000)
  from space 2048K, 86% used [0x00000000d6700000,0x00000000d68bc030,0x00000000d6900000)
  to   space 1024K, 0% used [0x00000000d6900000,0x00000000d6900000,0x00000000d6a00000)
 ParOldGen       total 68608K, used 46605K [0x0000000080000000, 0x0000000084300000, 0x00000000d5580000)
  object space 68608K, 67% used [0x0000000080000000,0x0000000082d83700,0x0000000084300000)
 Metaspace       used 53058K, committed 54400K, reserved 1114112K
  class space    used 5786K, committed 6336K, reserved 1048576K
}
Event: 135.125 GC heap before
{Heap before GC invocations=32 (full 2):
 PSYoungGen      total 18944K, used 18672K [0x00000000d5580000, 0x00000000d6a00000, 0x0000000100000000)
  eden space 16896K, 100% used [0x00000000d5580000,0x00000000d6600000,0x00000000d6600000)
  from space 2048K, 86% used [0x00000000d6700000,0x00000000d68bc030,0x00000000d6900000)
  to   space 1024K, 0% used [0x00000000d6900000,0x00000000d6900000,0x00000000d6a00000)
 ParOldGen       total 68608K, used 46605K [0x0000000080000000, 0x0000000084300000, 0x00000000d5580000)
  object space 68608K, 67% used [0x0000000080000000,0x0000000082d83700,0x0000000084300000)
 Metaspace       used 53106K, committed 54464K, reserved 1114112K
  class space    used 5789K, committed 6336K, reserved 1048576K
}
Event: 135.136 GC heap after
{Heap after GC invocations=32 (full 2):
 PSYoungGen      total 17408K, used 1004K [0x00000000d5580000, 0x00000000d6d00000, 0x0000000100000000)
  eden space 16384K, 0% used [0x00000000d5580000,0x00000000d5580000,0x00000000d6580000)
  from space 1024K, 98% used [0x00000000d6900000,0x00000000d69fb308,0x00000000d6a00000)
  to   space 3584K, 0% used [0x00000000d6580000,0x00000000d6580000,0x00000000d6900000)
 ParOldGen       total 68608K, used 48688K [0x0000000080000000, 0x0000000084300000, 0x00000000d5580000)
  object space 68608K, 70% used [0x0000000080000000,0x0000000082f8c110,0x0000000084300000)
 Metaspace       used 53106K, committed 54464K, reserved 1114112K
  class space    used 5789K, committed 6336K, reserved 1048576K
}
Event: 135.536 GC heap before
{Heap before GC invocations=33 (full 2):
 PSYoungGen      total 17408K, used 17388K [0x00000000d5580000, 0x00000000d6d00000, 0x0000000100000000)
  eden space 16384K, 100% used [0x00000000d5580000,0x00000000d6580000,0x00000000d6580000)
  from space 1024K, 98% used [0x00000000d6900000,0x00000000d69fb308,0x00000000d6a00000)
  to   space 3584K, 0% used [0x00000000d6580000,0x00000000d6580000,0x00000000d6900000)
 ParOldGen       total 68608K, used 48688K [0x0000000080000000, 0x0000000084300000, 0x00000000d5580000)
  object space 68608K, 70% used [0x0000000080000000,0x0000000082f8c110,0x0000000084300000)
 Metaspace       used 53137K, committed 54464K, reserved 1114112K
  class space    used 5791K, committed 6336K, reserved 1048576K
}
Event: 135.542 GC heap after
{Heap after GC invocations=33 (full 2):
 PSYoungGen      total 17920K, used 1480K [0x00000000d5580000, 0x00000000d6a80000, 0x0000000100000000)
  eden space 16384K, 0% used [0x00000000d5580000,0x00000000d5580000,0x00000000d6580000)
  from space 1536K, 96% used [0x00000000d6580000,0x00000000d66f2230,0x00000000d6700000)
  to   space 2560K, 0% used [0x00000000d6800000,0x00000000d6800000,0x00000000d6a80000)
 ParOldGen       total 68608K, used 49698K [0x0000000080000000, 0x0000000084300000, 0x00000000d5580000)
  object space 68608K, 72% used [0x0000000080000000,0x0000000083088878,0x0000000084300000)
 Metaspace       used 53137K, committed 54464K, reserved 1114112K
  class space    used 5791K, committed 6336K, reserved 1048576K
}
Event: 135.976 GC heap before
{Heap before GC invocations=34 (full 2):
 PSYoungGen      total 17920K, used 17864K [0x00000000d5580000, 0x00000000d6a80000, 0x0000000100000000)
  eden space 16384K, 100% used [0x00000000d5580000,0x00000000d6580000,0x00000000d6580000)
  from space 1536K, 96% used [0x00000000d6580000,0x00000000d66f2230,0x00000000d6700000)
  to   space 2560K, 0% used [0x00000000d6800000,0x00000000d6800000,0x00000000d6a80000)
 ParOldGen       total 68608K, used 49698K [0x0000000080000000, 0x0000000084300000, 0x00000000d5580000)
  object space 68608K, 72% used [0x0000000080000000,0x0000000083088878,0x0000000084300000)
 Metaspace       used 53187K, committed 54592K, reserved 1114112K
  class space    used 5794K, committed 6336K, reserved 1048576K
}
Event: 135.982 GC heap after
{Heap after GC invocations=34 (full 2):
 PSYoungGen      total 18432K, used 1811K [0x00000000d5580000, 0x00000000d6a00000, 0x0000000100000000)
  eden space 16384K, 0% used [0x00000000d5580000,0x00000000d5580000,0x00000000d6580000)
  from space 2048K, 88% used [0x00000000d6800000,0x00000000d69c4f60,0x00000000d6a00000)
  to   space 2048K, 0% used [0x00000000d6600000,0x00000000d6600000,0x00000000d6800000)
 ParOldGen       total 68608K, used 51111K [0x0000000080000000, 0x0000000084300000, 0x00000000d5580000)
  object space 68608K, 74% used [0x0000000080000000,0x00000000831e9d28,0x0000000084300000)
 Metaspace       used 53187K, committed 54592K, reserved 1114112K
  class space    used 5794K, committed 6336K, reserved 1048576K
}
Event: 137.062 GC heap before
{Heap before GC invocations=35 (full 2):
 PSYoungGen      total 18432K, used 17959K [0x00000000d5580000, 0x00000000d6a00000, 0x0000000100000000)
  eden space 16384K, 98% used [0x00000000d5580000,0x00000000d6544ed8,0x00000000d6580000)
  from space 2048K, 88% used [0x00000000d6800000,0x00000000d69c4f60,0x00000000d6a00000)
  to   space 2048K, 0% used [0x00000000d6600000,0x00000000d6600000,0x00000000d6800000)
 ParOldGen       total 68608K, used 51111K [0x0000000080000000, 0x0000000084300000, 0x00000000d5580000)
  object space 68608K, 74% used [0x0000000080000000,0x00000000831e9d28,0x0000000084300000)
 Metaspace       used 55288K, committed 56640K, reserved 1114112K
  class space    used 6002K, committed 6528K, reserved 1048576K
}
Event: 137.068 GC heap after
{Heap after GC invocations=35 (full 2):
 PSYoungGen      total 17920K, used 1066K [0x00000000d5580000, 0x00000000d6880000, 0x0000000100000000)
  eden space 16384K, 0% used [0x00000000d5580000,0x00000000d5580000,0x00000000d6580000)
  from space 1536K, 69% used [0x00000000d6600000,0x00000000d670a928,0x00000000d6780000)
  to   space 1024K, 0% used [0x00000000d6780000,0x00000000d6780000,0x00000000d6880000)
 ParOldGen       total 68608K, used 53363K [0x0000000080000000, 0x0000000084300000, 0x00000000d5580000)
  object space 68608K, 77% used [0x0000000080000000,0x000000008341cee8,0x0000000084300000)
 Metaspace       used 55288K, committed 56640K, reserved 1114112K
  class space    used 6002K, committed 6528K, reserved 1048576K
}
Event: 139.116 GC heap before
{Heap before GC invocations=36 (full 2):
 PSYoungGen      total 17920K, used 17450K [0x00000000d5580000, 0x00000000d6880000, 0x0000000100000000)
  eden space 16384K, 100% used [0x00000000d5580000,0x00000000d6580000,0x00000000d6580000)
  from space 1536K, 69% used [0x00000000d6600000,0x00000000d670a928,0x00000000d6780000)
  to   space 1024K, 0% used [0x00000000d6780000,0x00000000d6780000,0x00000000d6880000)
 ParOldGen       total 68608K, used 53363K [0x0000000080000000, 0x0000000084300000, 0x00000000d5580000)
  object space 68608K, 77% used [0x0000000080000000,0x000000008341cee8,0x0000000084300000)
 Metaspace       used 56223K, committed 57536K, reserved 1114112K
  class space    used 6136K, committed 6656K, reserved 1048576K
}
Event: 139.127 GC heap after
{Heap after GC invocations=36 (full 2):
 PSYoungGen      total 15872K, used 1003K [0x00000000d5580000, 0x00000000d6c80000, 0x0000000100000000)
  eden space 14848K, 0% used [0x00000000d5580000,0x00000000d5580000,0x00000000d6400000)
  from space 1024K, 98% used [0x00000000d6780000,0x00000000d687af68,0x00000000d6880000)
  to   space 3584K, 0% used [0x00000000d6400000,0x00000000d6400000,0x00000000d6780000)
 ParOldGen       total 68608K, used 55210K [0x0000000080000000, 0x0000000084300000, 0x00000000d5580000)
  object space 68608K, 80% used [0x0000000080000000,0x00000000835eaa00,0x0000000084300000)
 Metaspace       used 56223K, committed 57536K, reserved 1114112K
  class space    used 6136K, committed 6656K, reserved 1048576K
}
Event: 140.515 GC heap before
{Heap before GC invocations=37 (full 2):
 PSYoungGen      total 15872K, used 15851K [0x00000000d5580000, 0x00000000d6c80000, 0x0000000100000000)
  eden space 14848K, 100% used [0x00000000d5580000,0x00000000d6400000,0x00000000d6400000)
  from space 1024K, 98% used [0x00000000d6780000,0x00000000d687af68,0x00000000d6880000)
  to   space 3584K, 0% used [0x00000000d6400000,0x00000000d6400000,0x00000000d6780000)
 ParOldGen       total 68608K, used 55210K [0x0000000080000000, 0x0000000084300000, 0x00000000d5580000)
  object space 68608K, 80% used [0x0000000080000000,0x00000000835eaa00,0x0000000084300000)
 Metaspace       used 56948K, committed 58240K, reserved 1114112K
  class space    used 6213K, committed 6720K, reserved 1048576K
}
Event: 140.524 GC heap after
{Heap after GC invocations=37 (full 2):
 PSYoungGen      total 15360K, used 468K [0x00000000d5580000, 0x00000000d6800000, 0x0000000100000000)
  eden space 14848K, 0% used [0x00000000d5580000,0x00000000d5580000,0x00000000d6400000)
  from space 512K, 91% used [0x00000000d6400000,0x00000000d6475308,0x00000000d6480000)
  to   space 1536K, 0% used [0x00000000d6680000,0x00000000d6680000,0x00000000d6800000)
 ParOldGen       total 68608K, used 56205K [0x0000000080000000, 0x0000000084300000, 0x00000000d5580000)
  object space 68608K, 81% used [0x0000000080000000,0x00000000836e3458,0x0000000084300000)
 Metaspace       used 56948K, committed 58240K, reserved 1114112K
  class space    used 6213K, committed 6720K, reserved 1048576K
}
Event: 142.058 GC heap before
{Heap before GC invocations=38 (full 2):
 PSYoungGen      total 15360K, used 15316K [0x00000000d5580000, 0x00000000d6800000, 0x0000000100000000)
  eden space 14848K, 100% used [0x00000000d5580000,0x00000000d6400000,0x00000000d6400000)
  from space 512K, 91% used [0x00000000d6400000,0x00000000d6475308,0x00000000d6480000)
  to   space 1536K, 0% used [0x00000000d6680000,0x00000000d6680000,0x00000000d6800000)
 ParOldGen       total 68608K, used 56205K [0x0000000080000000, 0x0000000084300000, 0x00000000d5580000)
  object space 68608K, 81% used [0x0000000080000000,0x00000000836e3458,0x0000000084300000)
 Metaspace       used 57669K, committed 58944K, reserved 1114112K
  class space    used 6278K, committed 6784K, reserved 1048576K
}
Event: 142.062 GC heap after
{Heap after GC invocations=38 (full 2):
 PSYoungGen      total 15360K, used 1515K [0x00000000d5580000, 0x00000000d6b00000, 0x0000000100000000)
  eden space 13824K, 0% used [0x00000000d5580000,0x00000000d5580000,0x00000000d6300000)
  from space 1536K, 98% used [0x00000000d6680000,0x00000000d67faf38,0x00000000d6800000)
  to   space 3584K, 0% used [0x00000000d6300000,0x00000000d6300000,0x00000000d6680000)
 ParOldGen       total 68608K, used 57493K [0x0000000080000000, 0x0000000084300000, 0x00000000d5580000)
  object space 68608K, 83% used [0x0000000080000000,0x0000000083825600,0x0000000084300000)
 Metaspace       used 57669K, committed 58944K, reserved 1114112K
  class space    used 6278K, committed 6784K, reserved 1048576K
}

