# JRE version: OpenJDK Runtime Environment Temurin-21.0.10+7 (21.0.10+7) (build 21.0.10+7-LTS)
# Java VM: OpenJDK 64-Bit Server VM Temurin-21.0.10+7 (21.0.10+7-LTS, mixed mode, sharing, tiered, compressed oops, compressed class ptrs, parallel gc, windows-amd64)
GC Precious Log:
 CardTable entry size: 512
 CPUs: 4 total, 4 available
 Memory: 8099M
 Large Page Support: Disabled
 NUMA Support: Disabled
 Compressed Oops: Enabled (32-bit)
 Alignments: Space 512K, Generation 512K, Heap 2M
 Heap Min Capacity: 100M
 Heap Initial Capacity: 100M
 Heap Max Capacity: 2G
 Pre-touch: Disabled
 Parallel Workers: 4
Heap:
 PSYoungGen      total 14848K, used 3490K [0x00000000d5580000, 0x00000000d6580000, 0x0000000100000000)
  eden space 13824K, 19% used [0x00000000d5580000,0x00000000d58289b8,0x00000000d6300000)
  from space 1024K, 75% used [0x00000000d6480000,0x00000000d6540000,0x00000000d6580000)
  to   space 1024K, 0% used [0x00000000d6380000,0x00000000d6380000,0x00000000d6480000)
 ParOldGen       total 74752K, used 56080K [0x0000000080000000, 0x0000000084900000, 0x00000000d5580000)
  object space 74752K, 75% used [0x0000000080000000,0x00000000836c41b8,0x0000000084900000)
 Metaspace       used 63356K, committed 64768K, reserved 1114112K
  class space    used 6784K, committed 7360K, reserved 1048576K
GC Heap History (20 events):
Event: 278.023 GC heap before
{Heap before GC invocations=68 (full 2):
 PSYoungGen      total 14336K, used 14336K [0x00000000d5580000, 0x00000000d6580000, 0x0000000100000000)
  eden space 13824K, 100% used [0x00000000d5580000,0x00000000d6300000,0x00000000d6300000)
  from space 512K, 100% used [0x00000000d6300000,0x00000000d6380000,0x00000000d6380000)
  to   space 1024K, 0% used [0x00000000d6480000,0x00000000d6480000,0x00000000d6580000)
 ParOldGen       total 73728K, used 73439K [0x0000000080000000, 0x0000000084800000, 0x00000000d5580000)
  object space 73728K, 99% used [0x0000000080000000,0x00000000847b7e00,0x0000000084800000)
 Metaspace       used 57058K, committed 58368K, reserved 1114112K
  class space    used 6121K, committed 6656K, reserved 1048576K
}
Event: 278.025 GC heap after
{Heap after GC invocations=68 (full 2):
 PSYoungGen      total 14336K, used 454K [0x00000000d5580000, 0x00000000d6500000, 0x0000000100000000)
  eden space 13824K, 0% used [0x00000000d5580000,0x00000000d5580000,0x00000000d6300000)
  from space 512K, 88% used [0x00000000d6480000,0x00000000d64f1aa8,0x00000000d6500000)
  to   space 1024K, 0% used [0x00000000d6300000,0x00000000d6300000,0x00000000d6400000)
 ParOldGen       total 74240K, used 73884K [0x0000000080000000, 0x0000000084880000, 0x00000000d5580000)
  object space 74240K, 99% used [0x0000000080000000,0x0000000084827158,0x0000000084880000)
 Metaspace       used 57058K, committed 58368K, reserved 1114112K
  class space    used 6121K, committed 6656K, reserved 1048576K
}
Event: 278.455 GC heap before
{Heap before GC invocations=69 (full 2):
 PSYoungGen      total 14336K, used 14278K [0x00000000d5580000, 0x00000000d6500000, 0x0000000100000000)
  eden space 13824K, 100% used [0x00000000d5580000,0x00000000d6300000,0x00000000d6300000)
  from space 512K, 88% used [0x00000000d6480000,0x00000000d64f1aa8,0x00000000d6500000)
  to   space 1024K, 0% used [0x00000000d6300000,0x00000000d6300000,0x00000000d6400000)
 ParOldGen       total 74240K, used 73884K [0x0000000080000000, 0x0000000084880000, 0x00000000d5580000)
  object space 74240K, 99% used [0x0000000080000000,0x0000000084827158,0x0000000084880000)
 Metaspace       used 57285K, committed 58624K, reserved 1114112K
  class space    used 6151K, committed 6720K, reserved 1048576K
}
Event: 278.458 GC heap after
{Heap after GC invocations=69 (full 2):
 PSYoungGen      total 14848K, used 645K [0x00000000d5580000, 0x00000000d6500000, 0x0000000100000000)
  eden space 13824K, 0% used [0x00000000d5580000,0x00000000d5580000,0x00000000d6300000)
  from space 1024K, 63% used [0x00000000d6300000,0x00000000d63a1480,0x00000000d6400000)
  to   space 1024K, 0% used [0x00000000d6400000,0x00000000d6400000,0x00000000d6500000)
 ParOldGen       total 74240K, used 74108K [0x0000000080000000, 0x0000000084880000, 0x00000000d5580000)
  object space 74240K, 99% used [0x0000000080000000,0x000000008485f158,0x0000000084880000)
 Metaspace       used 57285K, committed 58624K, reserved 1114112K
  class space    used 6151K, committed 6720K, reserved 1048576K
}
Event: 278.836 GC heap before
{Heap before GC invocations=70 (full 2):
 PSYoungGen      total 14848K, used 10235K [0x00000000d5580000, 0x00000000d6500000, 0x0000000100000000)
  eden space 13824K, 69% used [0x00000000d5580000,0x00000000d5edd8a8,0x00000000d6300000)
  from space 1024K, 63% used [0x00000000d6300000,0x00000000d63a1480,0x00000000d6400000)
  to   space 1024K, 0% used [0x00000000d6400000,0x00000000d6400000,0x00000000d6500000)
 ParOldGen       total 74240K, used 74108K [0x0000000080000000, 0x0000000084880000, 0x00000000d5580000)
  object space 74240K, 99% used [0x0000000080000000,0x000000008485f158,0x0000000084880000)
 Metaspace       used 58438K, committed 59776K, reserved 1114112K
  class space    used 6298K, committed 6848K, reserved 1048576K
}
Event: 278.838 GC heap after
{Heap after GC invocations=70 (full 2):
 PSYoungGen      total 14848K, used 568K [0x00000000d5580000, 0x00000000d6500000, 0x0000000100000000)
  eden space 13824K, 0% used [0x00000000d5580000,0x00000000d5580000,0x00000000d6300000)
  from space 1024K, 55% used [0x00000000d6400000,0x00000000d648e2e8,0x00000000d6500000)
  to   space 1024K, 0% used [0x00000000d6300000,0x00000000d6300000,0x00000000d6400000)
 ParOldGen       total 74752K, used 74356K [0x0000000080000000, 0x0000000084900000, 0x00000000d5580000)
  object space 74752K, 99% used [0x0000000080000000,0x000000008489d158,0x0000000084900000)
 Metaspace       used 58438K, committed 59776K, reserved 1114112K
  class space    used 6298K, committed 6848K, reserved 1048576K
}
Event: 278.838 GC heap before
{Heap before GC invocations=71 (full 3):
 PSYoungGen      total 14848K, used 568K [0x00000000d5580000, 0x00000000d6500000, 0x0000000100000000)
  eden space 13824K, 0% used [0x00000000d5580000,0x00000000d5580000,0x00000000d6300000)
  from space 1024K, 55% used [0x00000000d6400000,0x00000000d648e2e8,0x00000000d6500000)
  to   space 1024K, 0% used [0x00000000d6300000,0x00000000d6300000,0x00000000d6400000)
 ParOldGen       total 74752K, used 74356K [0x0000000080000000, 0x0000000084900000, 0x00000000d5580000)
  object space 74752K, 99% used [0x0000000080000000,0x000000008489d158,0x0000000084900000)
 Metaspace       used 58438K, committed 59776K, reserved 1114112K
  class space    used 6298K, committed 6848K, reserved 1048576K
}
Event: 279.171 GC heap after
{Heap after GC invocations=71 (full 3):
 PSYoungGen      total 14848K, used 0K [0x00000000d5580000, 0x00000000d6500000, 0x0000000100000000)
  eden space 13824K, 0% used [0x00000000d5580000,0x00000000d5580000,0x00000000d6300000)
  from space 1024K, 0% used [0x00000000d6400000,0x00000000d6400000,0x00000000d6500000)
  to   space 1024K, 0% used [0x00000000d6300000,0x00000000d6300000,0x00000000d6400000)
 ParOldGen       total 74752K, used 53887K [0x0000000080000000, 0x0000000084900000, 0x00000000d5580000)
  object space 74752K, 72% used [0x0000000080000000,0x000000008349fe38,0x0000000084900000)
 Metaspace       used 58437K, committed 59776K, reserved 1114112K
  class space    used 6297K, committed 6848K, reserved 1048576K
}
Event: 279.832 GC heap before
{Heap before GC invocations=72 (full 3):
 PSYoungGen      total 14848K, used 13824K [0x00000000d5580000, 0x00000000d6500000, 0x0000000100000000)
  eden space 13824K, 100% used [0x00000000d5580000,0x00000000d6300000,0x00000000d6300000)
  from space 1024K, 0% used [0x00000000d6400000,0x00000000d6400000,0x00000000d6500000)
  to   space 1024K, 0% used [0x00000000d6300000,0x00000000d6300000,0x00000000d6400000)
 ParOldGen       total 74752K, used 53887K [0x0000000080000000, 0x0000000084900000, 0x00000000d5580000)
  object space 74752K, 72% used [0x0000000080000000,0x000000008349fe38,0x0000000084900000)
 Metaspace       used 59424K, committed 60736K, reserved 1114112K
  class space    used 6414K, committed 6976K, reserved 1048576K
}
Event: 279.835 GC heap after
{Heap after GC invocations=72 (full 3):
 PSYoungGen      total 14848K, used 224K [0x00000000d5580000, 0x00000000d6480000, 0x0000000100000000)
  eden space 13824K, 0% used [0x00000000d5580000,0x00000000d5580000,0x00000000d6300000)
  from space 1024K, 21% used [0x00000000d6300000,0x00000000d6338000,0x00000000d6400000)
  to   space 512K, 0% used [0x00000000d6400000,0x00000000d6400000,0x00000000d6480000)
 ParOldGen       total 74752K, used 53895K [0x0000000080000000, 0x0000000084900000, 0x00000000d5580000)
  object space 74752K, 72% used [0x0000000080000000,0x00000000834a1e38,0x0000000084900000)
 Metaspace       used 59424K, committed 60736K, reserved 1114112K
  class space    used 6414K, committed 6976K, reserved 1048576K
}
Event: 280.449 GC heap before
{Heap before GC invocations=73 (full 3):
 PSYoungGen      total 14848K, used 14048K [0x00000000d5580000, 0x00000000d6480000, 0x0000000100000000)
  eden space 13824K, 100% used [0x00000000d5580000,0x00000000d6300000,0x00000000d6300000)
  from space 1024K, 21% used [0x00000000d6300000,0x00000000d6338000,0x00000000d6400000)
  to   space 512K, 0% used [0x00000000d6400000,0x00000000d6400000,0x00000000d6480000)
 ParOldGen       total 74752K, used 53895K [0x0000000080000000, 0x0000000084900000, 0x00000000d5580000)
  object space 74752K, 72% used [0x0000000080000000,0x00000000834a1e38,0x0000000084900000)
 Metaspace       used 60228K, committed 61632K, reserved 1114112K
  class space    used 6490K, committed 7104K, reserved 1048576K
}
Event: 280.451 GC heap after
{Heap after GC invocations=73 (full 3):
 PSYoungGen      total 14336K, used 288K [0x00000000d5580000, 0x00000000d6480000, 0x0000000100000000)
  eden space 13824K, 0% used [0x00000000d5580000,0x00000000d5580000,0x00000000d6300000)
  from space 512K, 56% used [0x00000000d6400000,0x00000000d6448010,0x00000000d6480000)
  to   space 512K, 0% used [0x00000000d6380000,0x00000000d6380000,0x00000000d6400000)
 ParOldGen       total 74752K, used 54071K [0x0000000080000000, 0x0000000084900000, 0x00000000d5580000)
  object space 74752K, 72% used [0x0000000080000000,0x00000000834cde38,0x0000000084900000)
 Metaspace       used 60228K, committed 61632K, reserved 1114112K
  class space    used 6490K, committed 7104K, reserved 1048576K
}
Event: 280.677 GC heap before
{Heap before GC invocations=74 (full 3):
 PSYoungGen      total 14336K, used 14112K [0x00000000d5580000, 0x00000000d6480000, 0x0000000100000000)
  eden space 13824K, 100% used [0x00000000d5580000,0x00000000d6300000,0x00000000d6300000)
  from space 512K, 56% used [0x00000000d6400000,0x00000000d6448010,0x00000000d6480000)
  to   space 512K, 0% used [0x00000000d6380000,0x00000000d6380000,0x00000000d6400000)
 ParOldGen       total 74752K, used 54071K [0x0000000080000000, 0x0000000084900000, 0x00000000d5580000)
  object space 74752K, 72% used [0x0000000080000000,0x00000000834cde38,0x0000000084900000)
 Metaspace       used 61007K, committed 62336K, reserved 1114112K
  class space    used 6552K, committed 7104K, reserved 1048576K
}
Event: 280.680 GC heap after
{Heap after GC invocations=74 (full 3):
 PSYoungGen      total 14336K, used 493K [0x00000000d5580000, 0x00000000d6800000, 0x0000000100000000)
  eden space 13824K, 0% used [0x00000000d5580000,0x00000000d5580000,0x00000000d6300000)
  from space 512K, 96% used [0x00000000d6380000,0x00000000d63fb650,0x00000000d6400000)
  to   space 2560K, 0% used [0x00000000d6580000,0x00000000d6580000,0x00000000d6800000)
 ParOldGen       total 74752K, used 55380K [0x0000000080000000, 0x0000000084900000, 0x00000000d5580000)
  object space 74752K, 74% used [0x0000000080000000,0x0000000083615040,0x0000000084900000)
 Metaspace       used 61007K, committed 62336K, reserved 1114112K
  class space    used 6552K, committed 7104K, reserved 1048576K
}
Event: 280.783 GC heap before
{Heap before GC invocations=75 (full 3):
 PSYoungGen      total 14336K, used 14317K [0x00000000d5580000, 0x00000000d6800000, 0x0000000100000000)
  eden space 13824K, 100% used [0x00000000d5580000,0x00000000d6300000,0x00000000d6300000)
  from space 512K, 96% used [0x00000000d6380000,0x00000000d63fb650,0x00000000d6400000)
  to   space 2560K, 0% used [0x00000000d6580000,0x00000000d6580000,0x00000000d6800000)
 ParOldGen       total 74752K, used 55380K [0x0000000080000000, 0x0000000084900000, 0x00000000d5580000)
  object space 74752K, 74% used [0x0000000080000000,0x0000000083615040,0x0000000084900000)
 Metaspace       used 61028K, committed 62336K, reserved 1114112K
  class space    used 6552K, committed 7104K, reserved 1048576K
}
Event: 280.786 GC heap after
{Heap after GC invocations=75 (full 3):
 PSYoungGen      total 14848K, used 713K [0x00000000d5580000, 0x00000000d6680000, 0x0000000100000000)
  eden space 13824K, 0% used [0x00000000d5580000,0x00000000d5580000,0x00000000d6300000)
  from space 1024K, 69% used [0x00000000d6580000,0x00000000d66326c8,0x00000000d6680000)
  to   space 1536K, 0% used [0x00000000d6380000,0x00000000d6380000,0x00000000d6500000)
 ParOldGen       total 74752K, used 56056K [0x0000000080000000, 0x0000000084900000, 0x00000000d5580000)
  object space 74752K, 74% used [0x0000000080000000,0x00000000836be1b8,0x0000000084900000)
 Metaspace       used 61028K, committed 62336K, reserved 1114112K
  class space    used 6552K, committed 7104K, reserved 1048576K
}
Event: 280.862 GC heap before
{Heap before GC invocations=76 (full 3):
 PSYoungGen      total 14848K, used 14514K [0x00000000d5580000, 0x00000000d6680000, 0x0000000100000000)
  eden space 13824K, 99% used [0x00000000d5580000,0x00000000d62fa3a8,0x00000000d6300000)
  from space 1024K, 69% used [0x00000000d6580000,0x00000000d66326c8,0x00000000d6680000)
  to   space 1536K, 0% used [0x00000000d6380000,0x00000000d6380000,0x00000000d6500000)
 ParOldGen       total 74752K, used 56056K [0x0000000080000000, 0x0000000084900000, 0x00000000d5580000)
  object space 74752K, 74% used [0x0000000080000000,0x00000000836be1b8,0x0000000084900000)
 Metaspace       used 61031K, committed 62336K, reserved 1114112K
  class space    used 6552K, committed 7104K, reserved 1048576K
}
Event: 280.865 GC heap after
{Heap after GC invocations=76 (full 3):
 PSYoungGen      total 14848K, used 992K [0x00000000d5580000, 0x00000000d6600000, 0x0000000100000000)
  eden space 13824K, 0% used [0x00000000d5580000,0x00000000d5580000,0x00000000d6300000)
  from space 1024K, 96% used [0x00000000d6380000,0x00000000d64780a0,0x00000000d6480000)
  to   space 1536K, 0% used [0x00000000d6480000,0x00000000d6480000,0x00000000d6600000)
 ParOldGen       total 74752K, used 56072K [0x0000000080000000, 0x0000000084900000, 0x00000000d5580000)
  object space 74752K, 75% used [0x0000000080000000,0x00000000836c21b8,0x0000000084900000)
 Metaspace       used 61031K, committed 62336K, reserved 1114112K
  class space    used 6552K, committed 7104K, reserved 1048576K
}
Event: 281.612 GC heap before
{Heap before GC invocations=77 (full 3):
 PSYoungGen      total 14848K, used 14816K [0x00000000d5580000, 0x00000000d6600000, 0x0000000100000000)
  eden space 13824K, 100% used [0x00000000d5580000,0x00000000d6300000,0x00000000d6300000)
  from space 1024K, 96% used [0x00000000d6380000,0x00000000d64780a0,0x00000000d6480000)
  to   space 1536K, 0% used [0x00000000d6480000,0x00000000d6480000,0x00000000d6600000)
 ParOldGen       total 74752K, used 56072K [0x0000000080000000, 0x0000000084900000, 0x00000000d5580000)
  object space 74752K, 75% used [0x0000000080000000,0x00000000836c21b8,0x0000000084900000)
 Metaspace       used 63188K, committed 64576K, reserved 1114112K
  class space    used 6773K, committed 7360K, reserved 1048576K
}
Event: 281.616 GC heap after
{Heap after GC invocations=77 (full 3):
 PSYoungGen      total 14848K, used 768K [0x00000000d5580000, 0x00000000d6580000, 0x0000000100000000)
  eden space 13824K, 0% used [0x00000000d5580000,0x00000000d5580000,0x00000000d6300000)
  from space 1024K, 75% used [0x00000000d6480000,0x00000000d6540000,0x00000000d6580000)
  to   space 1024K, 0% used [0x00000000d6380000,0x00000000d6380000,0x00000000d6480000)
 ParOldGen       total 74752K, used 56080K [0x0000000080000000, 0x0000000084900000, 0x00000000d5580000)
  object space 74752K, 75% used [0x0000000080000000,0x00000000836c41b8,0x0000000084900000)
 Metaspace       used 63188K, committed 64576K, reserved 1114112K
  class space    used 6773K, committed 7360K, reserved 1048576K
}

